0:00:00.058642554 100416   0x5584a07b50 DEBUG             GST_TRACER gsttracer.c:159:gst_tracer_register:<registry0> update existing feature 0x55847bf9c0 (latency)
0:00:00.058776182 100416   0x5584a07b50 DEBUG             GST_TRACER gsttracer.c:159:gst_tracer_register:<registry0> update existing feature 0x55847bfa80 (log)
0:00:00.058805256 100416   0x5584a07b50 DEBUG             GST_TRACER gsttracer.c:159:gst_tracer_register:<registry0> update existing feature 0x55847bfb40 (rusage)
0:00:00.058833996 100416   0x5584a07b50 DEBUG             GST_TRACER gsttracer.c:159:gst_tracer_register:<registry0> update existing feature 0x55847bfc00 (stats)
0:00:00.058859551 100416   0x5584a07b50 DEBUG             GST_TRACER gsttracer.c:159:gst_tracer_register:<registry0> update existing feature 0x55847bfcc0 (leaks)
0:00:00.058884181 100416   0x5584a07b50 DEBUG             GST_TRACER gsttracer.c:159:gst_tracer_register:<registry0> update existing feature 0x55847bfd80 (factories)
0:00:00.059128937 100416   0x5584a07b50 TRACE             GST_TRACER gsttracerrecord.c:109:gst_tracer_record_build_format: latency.class, src-element-id=(structure)"scope\,\ type\=\(type\)gchararray\,\ related-to\=\(GstTracerValueScope\)element\;", src-element=(structure)"scope\,\ type\=\(type\)gchararray\,\ related-to\=\(GstTracerValueScope\)element\;", src=(structure)"scope\,\ type\=\(type\)gchararray\,\ related-to\=\(GstTracerValueScope\)pad\;", sink-element-id=(structure)"scope\,\ type\=\(type\)gchararray\,\ related-to\=\(GstTracerValueScope\)element\;", sink-element=(structure)"scope\,\ type\=\(type\)gchararray\,\ related-to\=\(GstTracerValueScope\)element\;", sink=(structure)"scope\,\ type\=\(type\)gchararray\,\ related-to\=\(GstTracerValueScope\)pad\;", time=(structure)"value\,\ type\=\(type\)guint64\,\ description\=\(string\)\"time\\\ it\\\ took\\\ for\\\ the\\\ buffer\\\ to\\\ go\\\ from\\\ src\\\ to\\\ sink\\\ ns\"\,\ min\=\(guint64\)0\,\ max\=\(guint64\)18446744073709551615\;", ts=(structure)"value\,\ type\=\(type\)guint64\,\ description\=\(string\)\"ts\\\ when\\\ the\\\ latency\\\ has\\\ been\\\ logged\"\,\ min\=\(guint64\)0\,\ max\=\(guint64\)18446744073709551615\;";
0:00:00.059166881 100416   0x5584a07b50 DEBUG             GST_TRACER gsttracerrecord.c:123:gst_tracer_record_build_format: new format string: latency, src-element-id=(string)%s, src-element=(string)%s, src=(string)%s, sink-element-id=(string)%s, sink-element=(string)%s, sink=(string)%s, time=(guint64)%lu, ts=(guint64)%lu;
0:00:00.059247639 100416   0x5584a07b50 TRACE             GST_TRACER gsttracerrecord.c:109:gst_tracer_record_build_format: element-latency.class, element-id=(structure)"scope\,\ type\=\(type\)gchararray\,\ related-to\=\(GstTracerValueScope\)element\;", element=(structure)"scope\,\ type\=\(type\)gchararray\,\ related-to\=\(GstTracerValueScope\)element\;", src=(structure)"scope\,\ type\=\(type\)gchararray\,\ related-to\=\(GstTracerValueScope\)pad\;", time=(structure)"value\,\ type\=\(type\)guint64\,\ description\=\(string\)\"time\\\ it\\\ took\\\ for\\\ the\\\ buffer\\\ to\\\ go\\\ from\\\ src\\\ to\\\ sink\\\ ns\"\,\ min\=\(guint64\)0\,\ max\=\(guint64\)18446744073709551615\;", ts=(structure)"value\,\ type\=\(type\)guint64\,\ description\=\(string\)\"ts\\\ when\\\ the\\\ latency\\\ has\\\ been\\\ logged\"\,\ min\=\(guint64\)0\,\ max\=\(guint64\)18446744073709551615\;";
0:00:00.059271621 100416   0x5584a07b50 DEBUG             GST_TRACER gsttracerrecord.c:123:gst_tracer_record_build_format: new format string: element-latency, element-id=(string)%s, element=(string)%s, src=(string)%s, time=(guint64)%lu, ts=(guint64)%lu;
0:00:00.059358046 100416   0x5584a07b50 TRACE             GST_TRACER gsttracerrecord.c:109:gst_tracer_record_build_format: element-reported-latency.class, element-id=(structure)"scope\,\ type\=\(type\)gchararray\,\ related-to\=\(GstTracerValueScope\)element\;", element=(structure)"scope\,\ type\=\(type\)gchararray\,\ related-to\=\(GstTracerValueScope\)element\;", live=(structure)"value\,\ type\=\(type\)gboolean\,\ description\=\(string\)\"wether\\\ the\\\ it\\\ is\\\ a\\\ live\\\ stream\\\ or\\\ not\"\;", min=(structure)"value\,\ type\=\(type\)guint64\,\ description\=\(string\)\"the\\\ minimum\\\ reported\\\ latency\"\,\ min\=\(guint64\)0\,\ max\=\(guint64\)18446744073709551615\;", max=(structure)"value\,\ type\=\(type\)guint64\,\ description\=\(string\)\"the\\\ maximum\\\ reported\\\ latency\"\,\ min\=\(guint64\)0\,\ max\=\(guint64\)18446744073709551615\;", ts=(structure)"value\,\ type\=\(type\)guint64\,\ description\=\(string\)\"ts\\\ when\\\ the\\\ latency\\\ has\\\ been\\\ reported\"\,\ min\=\(guint64\)0\,\ max\=\(guint64\)18446744073709551615\;";
0:00:00.059399675 100416   0x5584a07b50 DEBUG             GST_TRACER gsttracerrecord.c:123:gst_tracer_record_build_format: new format string: element-reported-latency, element-id=(string)%s, element=(string)%s, live=(boolean)%i, min=(guint64)%lu, max=(guint64)%lu, ts=(guint64)%lu;
0:00:02.780954143 100416   0x55847a9b00 TRACE             GST_TRACER :0:: element-latency, element-id=(string)0x5584ab41e0, element=(string)capsfilter0, src=(string)src, time=(guint64)400459, ts=(guint64)2780915070;
0:00:02.781238844 100416   0x55847a9b00 TRACE             GST_TRACER :0:: element-latency, element-id=(string)0x5584a6be00, element=(string)rtpstreamdepay0, src=(string)src, time=(guint64)288311, ts=(guint64)2781203381;
0:00:02.782001706 100416   0x55847a9b00 TRACE             GST_TRACER :0:: element-latency, element-id=(string)0x5584ab41e0, element=(string)capsfilter0, src=(string)src, time=(guint64)56000, ts=(guint64)2781969429;
0:00:02.782079057 100416   0x5584ab6460 TRACE             GST_TRACER :0:: element-latency, element-id=(string)0x5584a740c0, element=(string)queue0, src=(string)src, time=(guint64)840343, ts=(guint64)2782043724;
0:00:02.782479256 100416   0x55847a9b00 TRACE             GST_TRACER :0:: element-latency, element-id=(string)0x5584a6be00, element=(string)rtpstreamdepay0, src=(string)src, time=(guint64)468087, ts=(guint64)2782437516;
0:00:02.782590144 100416   0x5584ab6460 TRACE             GST_TRACER :0:: element-latency, element-id=(string)0x5584a740c0, element=(string)queue0, src=(string)src, time=(guint64)121276, ts=(guint64)2782558792;
0:00:02.784666269 100416   0x55847a9b00 TRACE             GST_TRACER :0:: element-latency, element-id=(string)0x5584ab41e0, element=(string)capsfilter0, src=(string)src, time=(guint64)67111, ts=(guint64)2784633992;
0:00:02.784865600 100416   0x55847a9b00 TRACE             GST_TRACER :0:: element-latency, element-id=(string)0x5584a6be00, element=(string)rtpstreamdepay0, src=(string)src, time=(guint64)205386, ts=(guint64)2784839378;
0:00:02.784985765 100416   0x5584ab6460 TRACE             GST_TRACER :0:: element-latency, element-id=(string)0x5584a740c0, element=(string)queue0, src=(string)src, time=(guint64)110851, ts=(guint64)2784950229;
0:00:02.785007376 100416   0x55847a9b00 TRACE             GST_TRACER :0:: element-latency, element-id=(string)0x5584ab41e0, element=(string)capsfilter0, src=(string)src, time=(guint64)30351, ts=(guint64)2784969617;
0:00:02.785169374 100416   0x55847a9b00 TRACE             GST_TRACER :0:: element-latency, element-id=(string)0x5584a6be00, element=(string)rtpstreamdepay0, src=(string)src, time=(guint64)108073, ts=(guint64)2785077690;
0:00:02.785307336 100416   0x5584ab6460 TRACE             GST_TRACER :0:: element-latency, element-id=(string)0x5584a740c0, element=(string)queue0, src=(string)src, time=(guint64)158924, ts=(guint64)2785236614;
0:00:02.785307632 100416   0x55847a9b00 TRACE             GST_TRACER :0:: element-latency, element-id=(string)0x5584ab41e0, element=(string)capsfilter0, src=(string)src, time=(guint64)36629, ts=(guint64)2785281299;
0:00:02.786539952 100416   0x55847a9b00 TRACE             GST_TRACER :0:: element-latency, element-id=(string)0x5584a6be00, element=(string)rtpstreamdepay0, src=(string)src, time=(guint64)1208727, ts=(guint64)2786490026;
0:00:02.786978317 100416   0x5584ab6460 TRACE             GST_TRACER :0:: element-latency, element-id=(string)0x5584a740c0, element=(string)queue0, src=(string)src, time=(guint64)397718, ts=(guint64)2786887744;
0:00:02.787439942 100416   0x55847a9b00 TRACE             GST_TRACER :0:: element-latency, element-id=(string)0x5584ab41e0, element=(string)capsfilter0, src=(string)src, time=(guint64)401181, ts=(guint64)2787405535;
0:00:02.787934214 100416   0x55847a9b00 TRACE             GST_TRACER :0:: element-latency, element-id=(string)0x5584a6be00, element=(string)rtpstreamdepay0, src=(string)src, time=(guint64)454606, ts=(guint64)2787860141;
0:00:02.788076009 100416   0x5584ab6460 TRACE             GST_TRACER :0:: element-latency, element-id=(string)0x5584a740c0, element=(string)queue0, src=(string)src, time=(guint64)159146, ts=(guint64)2788019287;
0:00:02.788165860 100416   0x55847a9b00 TRACE             GST_TRACER :0:: element-latency, element-id=(string)0x5584ab41e0, element=(string)capsfilter0, src=(string)src, time=(guint64)45499, ts=(guint64)2788141508;
0:00:02.788262970 100416   0x55847a9b00 TRACE             GST_TRACER :0:: element-latency, element-id=(string)0x5584a6be00, element=(string)rtpstreamdepay0, src=(string)src, time=(guint64)96351, ts=(guint64)2788237859;
0:00:02.788335543 100416   0x5584ab6460 TRACE             GST_TRACER :0:: element-latency, element-id=(string)0x5584a740c0, element=(string)queue0, src=(string)src, time=(guint64)54610, ts=(guint64)2788292469;
0:00:02.790441316 100416   0x55847a9b00 TRACE             GST_TRACER :0:: element-latency, element-id=(string)0x5584ab41e0, element=(string)capsfilter0, src=(string)src, time=(guint64)56185, ts=(guint64)2790410761;
0:00:02.790628869 100416   0x55847a9b00 TRACE             GST_TRACER :0:: element-latency, element-id=(string)0x5584a6be00, element=(string)rtpstreamdepay0, src=(string)src, time=(guint64)152054, ts=(guint64)2790562815;
0:00:02.790763164 100416   0x5584ab6460 TRACE             GST_TRACER :0:: element-latency, element-id=(string)0x5584a740c0, element=(string)queue0, src=(string)src, time=(guint64)124332, ts=(guint64)2790687147;
0:00:02.795116690 100416   0x55847a9b00 TRACE             GST_TRACER :0:: element-latency, element-id=(string)0x5584ab41e0, element=(string)capsfilter0, src=(string)src, time=(guint64)386569, ts=(guint64)2795047320;
0:00:02.795661110 100416   0x55847a9b00 TRACE             GST_TRACER :0:: element-latency, element-id=(string)0x5584a6be00, element=(string)rtpstreamdepay0, src=(string)src, time=(guint64)556846, ts=(guint64)2795604166;
0:00:02.795989236 100416   0x5584ab6460 TRACE             GST_TRACER :0:: element-latency, element-id=(string)0x5584a740c0, element=(string)queue0, src=(string)src, time=(guint64)313793, ts=(guint64)2795917959;
0:00:02.796473656 100416   0x55847a9b00 TRACE             GST_TRACER :0:: element-latency, element-id=(string)0x5584ab41e0, element=(string)capsfilter0, src=(string)src, time=(guint64)108073, ts=(guint64)2796222604;
0:00:02.796792894 100416   0x55847a9b00 TRACE             GST_TRACER :0:: element-latency, element-id=(string)0x5584a6be00, element=(string)rtpstreamdepay0, src=(string)src, time=(guint64)507790, ts=(guint64)2796730394;
0:00:02.797468664 100416   0x55847a9b00 TRACE             GST_TRACER :0:: element-latency, element-id=(string)0x5584ab41e0, element=(string)capsfilter0, src=(string)src, time=(guint64)141072, ts=(guint64)2797401257;
0:00:02.798417968 100416   0x55847a9b00 TRACE             GST_TRACER :0:: element-latency, element-id=(string)0x5584a6be00, element=(string)rtpstreamdepay0, src=(string)src, time=(guint64)866972, ts=(guint64)2798268229;
0:00:02.799248774 100416   0x55847a9b00 TRACE             GST_TRACER :0:: element-latency, element-id=(string)0x5584ab41e0, element=(string)capsfilter0, src=(string)src, time=(guint64)138794, ts=(guint64)2799196422;
0:00:02.799262551 100416   0x5584ab6460 TRACE             GST_TRACER :0:: element-latency, element-id=(string)0x5584a740c0, element=(string)queue0, src=(string)src, time=(guint64)2153865, ts=(guint64)2798884259;
0:00:02.801253881 100416   0x55847a9b00 TRACE             GST_TRACER :0:: element-latency, element-id=(string)0x5584a6be00, element=(string)rtpstreamdepay0, src=(string)src, time=(guint64)1455910, ts=(guint64)2800652332;
0:00:02.802124575 100416   0x5584ab6460 TRACE             GST_TRACER :0:: element-latency, element-id=(string)0x5584a740c0, element=(string)queue0, src=(string)src, time=(guint64)3695459, ts=(guint64)2801963688;
0:00:02.802427701 100416   0x55847a9b00 TRACE             GST_TRACER :0:: element-latency, element-id=(string)0x5584ab41e0, element=(string)capsfilter0, src=(string)src, time=(guint64)202220, ts=(guint64)2802394554;
0:00:02.802523497 100416   0x5584ab6460 TRACE             GST_TRACER :0:: element-latency, element-id=(string)0x5584a740c0, element=(string)queue0, src=(string)src, time=(guint64)1807758, ts=(guint64)2802460090;
0:00:02.802614051 100416   0x55847a9b00 TRACE             GST_TRACER :0:: element-latency, element-id=(string)0x5584a6be00, element=(string)rtpstreamdepay0, src=(string)src, time=(guint64)170627, ts=(guint64)2802565181;
0:00:02.802759883 100416   0x5584ab6460 TRACE             GST_TRACER :0:: element-latency, element-id=(string)0x5584a740c0, element=(string)queue0, src=(string)src, time=(guint64)86666, ts=(guint64)2802651847;
0:00:02.802898548 100416   0x55847a9b00 TRACE             GST_TRACER :0:: element-latency, element-id=(string)0x5584ab41e0, element=(string)capsfilter0, src=(string)src, time=(guint64)45925, ts=(guint64)2802870196;
0:00:02.803619429 100416   0x55847a9b00 TRACE             GST_TRACER :0:: element-latency, element-id=(string)0x5584a6be00, element=(string)rtpstreamdepay0, src=(string)src, time=(guint64)676789, ts=(guint64)2803546985;
0:00:02.803786057 100416   0x5584ab6460 TRACE             GST_TRACER :0:: element-latency, element-id=(string)0x5584a740c0, element=(string)queue0, src=(string)src, time=(guint64)129814, ts=(guint64)2803676799;
0:00:02.803807871 100416   0x55847a9b00 TRACE             GST_TRACER :0:: element-latency, element-id=(string)0x5584ab41e0, element=(string)capsfilter0, src=(string)src, time=(guint64)39055, ts=(guint64)2803781723;
0:00:02.803946610 100416   0x55847a9b00 TRACE             GST_TRACER :0:: element-latency, element-id=(string)0x5584a6be00, element=(string)rtpstreamdepay0, src=(string)src, time=(guint64)137184, ts=(guint64)2803918907;
0:00:02.804008406 100416   0x5584ab6460 TRACE             GST_TRACER :0:: element-latency, element-id=(string)0x5584a740c0, element=(string)queue0, src=(string)src, time=(guint64)57314, ts=(guint64)2803976221;
0:00:02.804065905 100416   0x55847a9b00 TRACE             GST_TRACER :0:: element-latency, element-id=(string)0x5584ab41e0, element=(string)capsfilter0, src=(string)src, time=(guint64)31277, ts=(guint64)2804042535;
0:00:02.804155015 100416   0x55847a9b00 TRACE             GST_TRACER :0:: element-latency, element-id=(string)0x5584a6be00, element=(string)rtpstreamdepay0, src=(string)src, time=(guint64)88166, ts=(guint64)2804130701;
0:00:02.804219311 100416   0x5584ab6460 TRACE             GST_TRACER :0:: element-latency, element-id=(string)0x5584a740c0, element=(string)queue0, src=(string)src, time=(guint64)53907, ts=(guint64)2804184608;
0:00:02.804297551 100416   0x55847a9b00 TRACE             GST_TRACER :0:: element-latency, element-id=(string)0x5584ab41e0, element=(string)capsfilter0, src=(string)src, time=(guint64)31370, ts=(guint64)2804272310;
0:00:02.804445346 100416   0x55847a9b00 TRACE             GST_TRACER :0:: element-latency, element-id=(string)0x5584a6be00, element=(string)rtpstreamdepay0, src=(string)src, time=(guint64)92203, ts=(guint64)2804364513;
0:00:02.804603492 100416   0x55847a9b00 TRACE             GST_TRACER :0:: element-latency, element-id=(string)0x5584ab41e0, element=(string)capsfilter0, src=(string)src, time=(guint64)32000, ts=(guint64)2804541030;
0:00:02.804712732 100416   0x55847a9b00 TRACE             GST_TRACER :0:: element-latency, element-id=(string)0x5584a6be00, element=(string)rtpstreamdepay0, src=(string)src, time=(guint64)146961, ts=(guint64)2804687991;
0:00:02.804803453 100416   0x5584ab6460 TRACE             GST_TRACER :0:: element-latency, element-id=(string)0x5584a740c0, element=(string)queue0, src=(string)src, time=(guint64)393403, ts=(guint64)2804757916;
0:00:02.804825508 100416   0x55847a9b00 TRACE             GST_TRACER :0:: element-latency, element-id=(string)0x5584ab41e0, element=(string)capsfilter0, src=(string)src, time=(guint64)30833, ts=(guint64)2804802545;
0:00:02.804949673 100416   0x55847a9b00 TRACE             GST_TRACER :0:: element-latency, element-id=(string)0x5584a6be00, element=(string)rtpstreamdepay0, src=(string)src, time=(guint64)124240, ts=(guint64)2804926785;
0:00:02.804963377 100416   0x5584ab6460 TRACE             GST_TRACER :0:: element-latency, element-id=(string)0x5584a740c0, element=(string)queue0, src=(string)src, time=(guint64)243757, ts=(guint64)2804931748;
0:00:02.805083431 100416   0x55847a9b00 TRACE             GST_TRACER :0:: element-latency, element-id=(string)0x5584ab41e0, element=(string)capsfilter0, src=(string)src, time=(guint64)29777, ts=(guint64)2805060042;
0:00:02.805170893 100416   0x55847a9b00 TRACE             GST_TRACER :0:: element-latency, element-id=(string)0x5584a6be00, element=(string)rtpstreamdepay0, src=(string)src, time=(guint64)87074, ts=(guint64)2805147116;
0:00:02.805368058 100416   0x5584ab6460 TRACE             GST_TRACER :0:: element-latency, element-id=(string)0x5584a740c0, element=(string)queue0, src=(string)src, time=(guint64)394662, ts=(guint64)2805321447;
0:00:02.805489038 100416   0x5584ab6460 TRACE             GST_TRACER :0:: element-latency, element-id=(string)0x5584a740c0, element=(string)queue0, src=(string)src, time=(guint64)311274, ts=(guint64)2805458390;
0:00:02.805774664 100416   0x5584ab6460 TRACE             GST_TRACER :0:: element-latency, element-id=(string)0x5584a7a130, element=(string)rtph264depay0, src=(string)src, time=(guint64)285330, ts=(guint64)2805743720;
0:00:02.806940336 100416   0x5584ab6400 TRACE             GST_TRACER :0:: element-latency, element-id=(string)0x5584a743c0, element=(string)queue1, src=(string)src, time=(guint64)1129117, ts=(guint64)2806872837;
0:00:02.809015202 100416   0x5584ab6400 TRACE             GST_TRACER :0:: element-latency, element-id=(string)0x5584a822d0, element=(string)h264parse0, src=(string)src, time=(guint64)2100162, ts=(guint64)2808972999;
0:00:02.809842804 100416   0x5584ab6240 TRACE             GST_TRACER :0:: element-latency, element-id=(string)0x5584a746c0, element=(string)queue2, src=(string)src, time=(guint64)836454, ts=(guint64)2809809453;
0:00:02.963881964 100416   0x5584ab6240 TRACE             GST_TRACER :0:: element-latency, element-id=(string)0x5584aa0380, element=(string)openh264dec0, src=(string)src, time=(guint64)154032160, ts=(guint64)2963841613;
0:00:02.965634074 100416   0x5584ab61e0 TRACE             GST_TRACER :0:: element-latency, element-id=(string)0x5584a749c0, element=(string)queue3, src=(string)src, time=(guint64)1695833, ts=(guint64)2965537446;
0:00:04.842552856 100416   0x55847a9b00 TRACE             GST_TRACER :0:: element-latency, element-id=(string)0x5584ab41e0, element=(string)capsfilter0, src=(string)src, time=(guint64)105887, ts=(guint64)4842506060;
0:00:04.842784724 100416   0x55847a9b00 TRACE             GST_TRACER :0:: element-latency, element-id=(string)0x5584a6be00, element=(string)rtpstreamdepay0, src=(string)src, time=(guint64)247998, ts=(guint64)4842754058;
0:00:04.843229256 100416   0x5584ab6460 TRACE             GST_TRACER :0:: element-latency, element-id=(string)0x5584a740c0, element=(string)queue0, src=(string)src, time=(guint64)423680, ts=(guint64)4843177738;
0:00:04.844186671 100416   0x55847a9b00 TRACE             GST_TRACER :0:: element-latency, element-id=(string)0x5584ab41e0, element=(string)capsfilter0, src=(string)src, time=(guint64)63889, ts=(guint64)4844154561;
0:00:04.844351706 100416   0x55847a9b00 TRACE             GST_TRACER :0:: element-latency, element-id=(string)0x5584a6be00, element=(string)rtpstreamdepay0, src=(string)src, time=(guint64)167479, ts=(guint64)4844322040;
0:00:04.844506038 100416   0x55847a9b00 TRACE             GST_TRACER :0:: element-latency, element-id=(string)0x5584ab41e0, element=(string)capsfilter0, src=(string)src, time=(guint64)34703, ts=(guint64)4844480853;
0:00:04.844648722 100416   0x55847a9b00 TRACE             GST_TRACER :0:: element-latency, element-id=(string)0x5584a6be00, element=(string)rtpstreamdepay0, src=(string)src, time=(guint64)139980, ts=(guint64)4844620833;
0:00:04.844773072 100416   0x5584ab6460 TRACE             GST_TRACER :0:: element-latency, element-id=(string)0x5584a740c0, element=(string)queue0, src=(string)src, time=(guint64)409866, ts=(guint64)4844731906;
0:00:04.844790016 100416   0x55847a9b00 TRACE             GST_TRACER :0:: element-latency, element-id=(string)0x5584ab41e0, element=(string)capsfilter0, src=(string)src, time=(guint64)36740, ts=(guint64)4844765239;
0:00:04.844947385 100416   0x5584ab6460 TRACE             GST_TRACER :0:: element-latency, element-id=(string)0x5584a740c0, element=(string)queue0, src=(string)src, time=(guint64)290719, ts=(guint64)4844911552;
0:00:04.845021514 100416   0x55847a9b00 TRACE             GST_TRACER :0:: element-latency, element-id=(string)0x5584a6be00, element=(string)rtpstreamdepay0, src=(string)src, time=(guint64)230608, ts=(guint64)4844995847;
0:00:04.845196197 100416   0x55847a9b00 TRACE             GST_TRACER :0:: element-latency, element-id=(string)0x5584ab41e0, element=(string)capsfilter0, src=(string)src, time=(guint64)64481, ts=(guint64)4845168012;
0:00:04.845255067 100416   0x5584ab6460 TRACE             GST_TRACER :0:: element-latency, element-id=(string)0x5584a740c0, element=(string)queue0, src=(string)src, time=(guint64)213220, ts=(guint64)4845209067;
0:00:04.845295900 100416   0x55847a9b00 TRACE             GST_TRACER :0:: element-latency, element-id=(string)0x5584a6be00, element=(string)rtpstreamdepay0, src=(string)src, time=(guint64)104573, ts=(guint64)4845272585;
0:00:04.845381547 100416   0x5584ab6460 TRACE             GST_TRACER :0:: element-latency, element-id=(string)0x5584a740c0, element=(string)queue0, src=(string)src, time=(guint64)75851, ts=(guint64)4845348436;
0:00:04.845504434 100416   0x5584ab6460 TRACE             GST_TRACER :0:: element-latency, element-id=(string)0x5584a7a130, element=(string)rtph264depay0, src=(string)src, time=(guint64)123165, ts=(guint64)4845471601;
0:00:04.845566582 100416   0x5584ab6400 TRACE             GST_TRACER :0:: element-latency, element-id=(string)0x5584a743c0, element=(string)queue1, src=(string)src, time=(guint64)62981, ts=(guint64)4845534582;
0:00:04.845861079 100416   0x5584ab6400 TRACE             GST_TRACER :0:: element-latency, element-id=(string)0x5584a822d0, element=(string)h264parse0, src=(string)src, time=(guint64)298441, ts=(guint64)4845833023;
0:00:04.845913282 100416   0x5584ab6240 TRACE             GST_TRACER :0:: element-latency, element-id=(string)0x5584a746c0, element=(string)queue2, src=(string)src, time=(guint64)51574, ts=(guint64)4845884597;
0:00:04.887680484 100416   0x5584ab6240 TRACE             GST_TRACER :0:: element-latency, element-id=(string)0x5584aa0380, element=(string)openh264dec0, src=(string)src, time=(guint64)41753499, ts=(guint64)4887638096;
0:00:04.888255367 100416   0x5584ab61e0 TRACE             GST_TRACER :0:: element-latency, element-id=(string)0x5584a749c0, element=(string)queue3, src=(string)src, time=(guint64)574716, ts=(guint64)4888212812;
0:00:06.802138573 100416   0x55847a9b00 TRACE             GST_TRACER :0:: element-latency, element-id=(string)0x5584ab41e0, element=(string)capsfilter0, src=(string)src, time=(guint64)212461, ts=(guint64)6802065370;
0:00:06.802475106 100416   0x55847a9b00 TRACE             GST_TRACER :0:: element-latency, element-id=(string)0x5584a6be00, element=(string)rtpstreamdepay0, src=(string)src, time=(guint64)380829, ts=(guint64)6802446199;
0:00:06.802704622 100416   0x5584ab6460 TRACE             GST_TRACER :0:: element-latency, element-id=(string)0x5584a740c0, element=(string)queue0, src=(string)src, time=(guint64)220590, ts=(guint64)6802666789;
0:00:06.805027318 100416   0x55847a9b00 TRACE             GST_TRACER :0:: element-latency, element-id=(string)0x5584ab41e0, element=(string)capsfilter0, src=(string)src, time=(guint64)78129, ts=(guint64)6804969171;
0:00:06.805243483 100416   0x55847a9b00 TRACE             GST_TRACER :0:: element-latency, element-id=(string)0x5584a6be00, element=(string)rtpstreamdepay0, src=(string)src, time=(guint64)245034, ts=(guint64)6805214205;
0:00:06.805537128 100416   0x5584ab6460 TRACE             GST_TRACER :0:: element-latency, element-id=(string)0x5584a740c0, element=(string)queue0, src=(string)src, time=(guint64)269608, ts=(guint64)6805483813;
0:00:06.805705496 100416   0x5584ab6460 TRACE             GST_TRACER :0:: element-latency, element-id=(string)0x5584a7a130, element=(string)rtph264depay0, src=(string)src, time=(guint64)185035, ts=(guint64)6805668848;
0:00:06.805770532 100416   0x5584ab6400 TRACE             GST_TRACER :0:: element-latency, element-id=(string)0x5584a743c0, element=(string)queue1, src=(string)src, time=(guint64)67740, ts=(guint64)6805736588;
0:00:06.805997104 100416   0x5584ab6400 TRACE             GST_TRACER :0:: element-latency, element-id=(string)0x5584a822d0, element=(string)h264parse0, src=(string)src, time=(guint64)232998, ts=(guint64)6805969586;
0:00:06.806093473 100416   0x5584ab6240 TRACE             GST_TRACER :0:: element-latency, element-id=(string)0x5584a746c0, element=(string)queue2, src=(string)src, time=(guint64)81554, ts=(guint64)6806051140;
0:00:06.828508742 100416   0x5584ab6240 TRACE             GST_TRACER :0:: element-latency, element-id=(string)0x5584aa0380, element=(string)openh264dec0, src=(string)src, time=(guint64)22352178, ts=(guint64)6828403318;
0:00:06.828884146 100416   0x5584ab61e0 TRACE             GST_TRACER :0:: element-latency, element-id=(string)0x5584a749c0, element=(string)queue3, src=(string)src, time=(guint64)397384, ts=(guint64)6828800702;
0:00:08.831523698 100416   0x55847a9b00 TRACE             GST_TRACER :0:: element-latency, element-id=(string)0x5584ab41e0, element=(string)capsfilter0, src=(string)src, time=(guint64)556494, ts=(guint64)8831329330;
0:00:08.833784081 100416   0x55847a9b00 TRACE             GST_TRACER :0:: element-latency, element-id=(string)0x5584a6be00, element=(string)rtpstreamdepay0, src=(string)src, time=(guint64)2244420, ts=(guint64)8833573750;
0:00:08.834614053 100416   0x5584ab6460 TRACE             GST_TRACER :0:: element-latency, element-id=(string)0x5584a740c0, element=(string)queue0, src=(string)src, time=(guint64)903953, ts=(guint64)8834477703;
0:00:08.835010752 100416   0x5584ab6460 TRACE             GST_TRACER :0:: element-latency, element-id=(string)0x5584a7a130, element=(string)rtph264depay0, src=(string)src, time=(guint64)479068, ts=(guint64)8834956771;
0:00:08.835242713 100416   0x5584ab6400 TRACE             GST_TRACER :0:: element-latency, element-id=(string)0x5584a743c0, element=(string)queue1, src=(string)src, time=(guint64)251090, ts=(guint64)8835207861;
0:00:08.835494043 100416   0x5584ab6400 TRACE             GST_TRACER :0:: element-latency, element-id=(string)0x5584a822d0, element=(string)h264parse0, src=(string)src, time=(guint64)258460, ts=(guint64)8835466321;
0:00:08.835581042 100416   0x5584ab6240 TRACE             GST_TRACER :0:: element-latency, element-id=(string)0x5584a746c0, element=(string)queue2, src=(string)src, time=(guint64)77888, ts=(guint64)8835544209;
0:00:08.854351296 100416   0x5584ab6240 TRACE             GST_TRACER :0:: element-latency, element-id=(string)0x5584aa0380, element=(string)openh264dec0, src=(string)src, time=(guint64)18748310, ts=(guint64)8854292519;
0:00:08.855378859 100416   0x5584ab61e0 TRACE             GST_TRACER :0:: element-latency, element-id=(string)0x5584a749c0, element=(string)queue3, src=(string)src, time=(guint64)1028729, ts=(guint64)8855321248;
0:00:10.816246247 100416   0x55847a9b00 TRACE             GST_TRACER :0:: element-latency, element-id=(string)0x5584ab41e0, element=(string)capsfilter0, src=(string)src, time=(guint64)96239, ts=(guint64)10816207118;
0:00:10.816475078 100416   0x55847a9b00 TRACE             GST_TRACER :0:: element-latency, element-id=(string)0x5584a6be00, element=(string)rtpstreamdepay0, src=(string)src, time=(guint64)237479, ts=(guint64)10816444597;
0:00:10.816635725 100416   0x5584ab6460 TRACE             GST_TRACER :0:: element-latency, element-id=(string)0x5584a740c0, element=(string)queue0, src=(string)src, time=(guint64)150850, ts=(guint64)10816595447;
0:00:10.816804186 100416   0x5584ab6460 TRACE             GST_TRACER :0:: element-latency, element-id=(string)0x5584a7a130, element=(string)rtph264depay0, src=(string)src, time=(guint64)174832, ts=(guint64)10816770279;
0:00:10.816916610 100416   0x5584ab6400 TRACE             GST_TRACER :0:: element-latency, element-id=(string)0x5584a743c0, element=(string)queue1, src=(string)src, time=(guint64)117980, ts=(guint64)10816888259;
0:00:10.817112682 100416   0x5584ab6400 TRACE             GST_TRACER :0:: element-latency, element-id=(string)0x5584a822d0, element=(string)h264parse0, src=(string)src, time=(guint64)195924, ts=(guint64)10817084183;
0:00:10.817264940 100416   0x5584ab6240 TRACE             GST_TRACER :0:: element-latency, element-id=(string)0x5584a746c0, element=(string)queue2, src=(string)src, time=(guint64)149183, ts=(guint64)10817233366;
0:00:10.846983146 100416   0x5584ab6240 TRACE             GST_TRACER :0:: element-latency, element-id=(string)0x5584aa0380, element=(string)openh264dec0, src=(string)src, time=(guint64)29680577, ts=(guint64)10846913943;
0:00:10.847450289 100416   0x5584ab61e0 TRACE             GST_TRACER :0:: element-latency, element-id=(string)0x5584a749c0, element=(string)queue3, src=(string)src, time=(guint64)466661, ts=(guint64)10847380604;
